Build started 10/12/2015 1:13:31 AM.
     1>Project "C:\Users\yigal\Desktop\part _2\Airline\Airline\Airline.vcxproj" on node 2 (Build target(s)).
     1>ClCompile:
         C:\Program Files (x86)\Microsoft Visual Studio 14.0\VC\bin\CL.exe /c /ZI /nologo /W3 /WX- /Od /Oy- /D WIN32 /D _DEBUG /D _CONSOLE /D _UNICODE /D UNICODE /Gm /EHsc /RTC1 /MDd /GS /fp:precise /Zc:wchar_t /Zc:forScope /Zc:inline /Fo"Debug\\" /Fd"Debug\vc140.pdb" /Gd /TP /analyze- /errorReport:prompt main.cpp
         main.cpp
     1>c:\users\yigal\desktop\part _2\airline\airline\person.h(21): warning C4290: C++ exception specification ignored except to indicate a function is not __declspec(nothrow)
     1>c:\users\yigal\desktop\part _2\airline\airline\person.h(22): warning C4290: C++ exception specification ignored except to indicate a function is not __declspec(nothrow)
     1>c:\users\yigal\desktop\part _2\airline\airline\date.h(18): warning C4290: C++ exception specification ignored except to indicate a function is not __declspec(nothrow)
     1>c:\users\yigal\desktop\part _2\airline\airline\date.h(21): warning C4290: C++ exception specification ignored except to indicate a function is not __declspec(nothrow)
     1>c:\users\yigal\desktop\part _2\airline\airline\date.h(23): warning C4290: C++ exception specification ignored except to indicate a function is not __declspec(nothrow)
     1>c:\users\yigal\desktop\part _2\airline\airline\date.h(34): warning C4290: C++ exception specification ignored except to indicate a function is not __declspec(nothrow)
     1>c:\users\yigal\desktop\part _2\airline\airline\aircrew.h(79): warning C4290: C++ exception specification ignored except to indicate a function is not __declspec(nothrow)
     1>c:\users\yigal\desktop\part _2\airline\airline\aircrew.h(80): warning C4290: C++ exception specification ignored except to indicate a function is not __declspec(nothrow)
     1>c:\users\yigal\desktop\part _2\airline\airline\seat.h(14): warning C4290: C++ exception specification ignored except to indicate a function is not __declspec(nothrow)
     1>c:\users\yigal\desktop\part _2\airline\airline\seat.h(15): warning C4290: C++ exception specification ignored except to indicate a function is not __declspec(nothrow)
     1>c:\users\yigal\desktop\part _2\airline\airline\pilot.h(29): warning C4250: 'Pilot': inherits 'AirCrew::AirCrew::operator ==' via dominance
         c:\users\yigal\desktop\part _2\airline\airline\aircrew.h(85): note: see declaration of 'AirCrew::operator =='
     1>c:\users\yigal\desktop\part _2\airline\airline\flight.h(41): warning C4290: C++ exception specification ignored except to indicate a function is not __declspec(nothrow)
     1>c:\users\yigal\desktop\part _2\airline\airline\flight.h(45): warning C4290: C++ exception specification ignored except to indicate a function is not __declspec(nothrow)
     1>c:\users\yigal\desktop\part _2\airline\airline\flight.h(52): warning C4290: C++ exception specification ignored except to indicate a function is not __declspec(nothrow)
     1>c:\users\yigal\desktop\part _2\airline\airline\flight.h(53): warning C4290: C++ exception specification ignored except to indicate a function is not __declspec(nothrow)
     1>c:\users\yigal\desktop\part _2\airline\airline\flight.h(76): warning C4290: C++ exception specification ignored except to indicate a function is not __declspec(nothrow)
     1>c:\users\yigal\desktop\part _2\airline\airline\order.h(43): warning C4290: C++ exception specification ignored except to indicate a function is not __declspec(nothrow)
     1>c:\users\yigal\desktop\part _2\airline\airline\order.h(44): warning C4290: C++ exception specification ignored except to indicate a function is not __declspec(nothrow)
     1>c:\users\yigal\desktop\part _2\airline\airline\attendant.h(17): warning C4290: C++ exception specification ignored except to indicate a function is not __declspec(nothrow)
     1>c:\users\yigal\desktop\part _2\airline\airline\attendant.h(28): warning C4290: C++ exception specification ignored except to indicate a function is not __declspec(nothrow)
     1>c:\users\yigal\desktop\part _2\airline\airline\attendant.h(34): warning C4290: C++ exception specification ignored except to indicate a function is not __declspec(nothrow)
     1>c:\users\yigal\desktop\part _2\airline\airline\airline.h(22): warning C4067: unexpected tokens following preprocessor directive - expected a newline
     1>c:\users\yigal\desktop\part _2\airline\airline\list.h(22): warning C4290: C++ exception specification ignored except to indicate a function is not __declspec(nothrow)
         c:\users\yigal\desktop\part _2\airline\airline\list.h(27): note: see reference to class template instantiation 'List<T>' being compiled
     1>c:\users\yigal\desktop\part _2\airline\airline\list.h(121): warning C4290: C++ exception specification ignored except to indicate a function is not __declspec(nothrow)
     1>c:\users\yigal\desktop\part _2\airline\airline\airline.h(58): warning C4290: C++ exception specification ignored except to indicate a function is not __declspec(nothrow)
     1>c:\users\yigal\desktop\part _2\airline\airline\airline.h(60): warning C4290: C++ exception specification ignored except to indicate a function is not __declspec(nothrow)
     1>c:\users\yigal\desktop\part _2\airline\airline\airline.h(61): warning C4290: C++ exception specification ignored except to indicate a function is not __declspec(nothrow)
     1>c:\users\yigal\desktop\part _2\airline\airline\airline.h(62): warning C4290: C++ exception specification ignored except to indicate a function is not __declspec(nothrow)
     1>c:\users\yigal\desktop\part _2\airline\airline\airline.h(63): warning C4290: C++ exception specification ignored except to indicate a function is not __declspec(nothrow)
     1>c:\users\yigal\desktop\part _2\airline\airline\airline.h(65): warning C4290: C++ exception specification ignored except to indicate a function is not __declspec(nothrow)
     1>c:\users\yigal\desktop\part _2\airline\airline\airline.h(91): warning C4290: C++ exception specification ignored except to indicate a function is not __declspec(nothrow)
     1>c:\users\yigal\desktop\part _2\airline\airline\airline.h(93): warning C4290: C++ exception specification ignored except to indicate a function is not __declspec(nothrow)
     1>c:\users\yigal\desktop\part _2\airline\airline\airline.h(95): warning C4290: C++ exception specification ignored except to indicate a function is not __declspec(nothrow)
     1>c:\users\yigal\desktop\part _2\airline\airline\airline.h(97): warning C4290: C++ exception specification ignored except to indicate a function is not __declspec(nothrow)
     1>c:\users\yigal\desktop\part _2\airline\airline\airline.h(98): warning C4290: C++ exception specification ignored except to indicate a function is not __declspec(nothrow)
       Link:
         C:\Program Files (x86)\Microsoft Visual Studio 14.0\VC\bin\link.exe /ERRORREPORT:PROMPT /OUT:"C:\Users\yigal\Desktop\part _2\Airline\Debug\Airline.exe" /INCREMENTAL /NOLOGO kernel32.lib user32.lib gdi32.lib winspool.lib comdlg32.lib advapi32.lib shell32.lib ole32.lib oleaut32.lib uuid.lib odbc32.lib odbccp32.lib /MANIFEST /MANIFESTUAC:"level='asInvoker' uiAccess='false'" /manifest:embed /Debug /PDB:"C:\Users\yigal\Desktop\part _2\Airline\Debug\Airline.pdb" /SUBSYSTEM:CONSOLE /TLBID:1 /DYNAMICBASE /NXCOMPAT /IMPLIB:"C:\Users\yigal\Desktop\part _2\Airline\Debug\Airline.lib" /MACHINE:X86 Debug\AirCrew.obj
         Debug\Airline.obj
         Debug\Attendant.obj
         Debug\Customer.obj
         Debug\Date.obj
         Debug\Flight.obj
         Debug\main.obj
         Debug\Order.obj
         Debug\Person.obj
         Debug\Pilot.obj
         Debug\Plane.obj
         Debug\Seat.obj
         Debug\SpecialEmployee.obj
         Debug\Ticket.obj
         Airline.vcxproj -> C:\Users\yigal\Desktop\part _2\Airline\Debug\Airline.exe
     1>Done Building Project "C:\Users\yigal\Desktop\part _2\Airline\Airline\Airline.vcxproj" (Build target(s)).

Build succeeded.

Time Elapsed 00:00:00.87
