c:\users\y-pc\desktop\c++ workplace\hw\part_1_b_headers\war_v3\war project\war\debug\vc140.pdb
c:\users\y-pc\desktop\c++ workplace\hw\part_1_b_headers\war_v3\war project\war\debug\vc140.idb
c:\users\y-pc\desktop\c++ workplace\hw\part_1_b_headers\war_v3\war project\war\debug\animal.obj
c:\users\y-pc\desktop\c++ workplace\hw\part_1_b_headers\war_v3\war project\war\debug\army.obj
c:\users\y-pc\desktop\c++ workplace\hw\part_1_b_headers\war_v3\war project\war\debug\dogzilla.obj
c:\users\y-pc\desktop\c++ workplace\hw\part_1_b_headers\war_v3\war project\war\debug\fighteraircraft.obj
c:\users\y-pc\desktop\c++ workplace\hw\part_1_b_headers\war_v3\war project\war\debug\godzilla.obj
c:\users\y-pc\desktop\c++ workplace\hw\part_1_b_headers\war_v3\war project\war\debug\infantry.obj
c:\users\y-pc\desktop\c++ workplace\hw\part_1_b_headers\war_v3\war project\war\debug\monstars.obj
c:\users\y-pc\desktop\c++ workplace\hw\part_1_b_headers\war_v3\war project\war\debug\pilot.obj
c:\users\y-pc\desktop\c++ workplace\hw\part_1_b_headers\war_v3\war project\war\debug\program.obj
c:\users\y-pc\desktop\c++ workplace\hw\part_1_b_headers\war_v3\war project\war\debug\rifle.obj
c:\users\y-pc\desktop\c++ workplace\hw\part_1_b_headers\war_v3\war project\war\debug\siamamurai.obj
c:\users\y-pc\desktop\c++ workplace\hw\part_1_b_headers\war_v3\war project\war\debug\soldier.obj
c:\users\y-pc\desktop\c++ workplace\hw\part_1_b_headers\war_v3\war project\war\debug\war.obj
c:\users\y-pc\desktop\c++ workplace\hw\part_1_b_headers\war_v3\war project\debug\war.pdb
c:\users\y-pc\desktop\c++ workplace\hw\part_1_b_headers\war_v3\war project\war\debug\war.tlog\cl.command.1.tlog
c:\users\y-pc\desktop\c++ workplace\hw\part_1_b_headers\war_v3\war project\war\debug\war.tlog\cl.read.1.tlog
c:\users\y-pc\desktop\c++ workplace\hw\part_1_b_headers\war_v3\war project\war\debug\war.tlog\cl.write.1.tlog
c:\users\y-pc\desktop\c++ workplace\hw\part_1_b_headers\war_v3\war project\war\debug\war.tlog\link-cvtres.read.1.tlog
c:\users\y-pc\desktop\c++ workplace\hw\part_1_b_headers\war_v3\war project\war\debug\war.tlog\link-cvtres.write.1.tlog
c:\users\y-pc\desktop\c++ workplace\hw\part_1_b_headers\war_v3\war project\war\debug\war.tlog\link-rc.read.1.tlog
c:\users\y-pc\desktop\c++ workplace\hw\part_1_b_headers\war_v3\war project\war\debug\war.tlog\link-rc.write.1.tlog
c:\users\y-pc\desktop\c++ workplace\hw\part_1_b_headers\war_v3\war project\war\debug\war.tlog\link.command.1.tlog
c:\users\y-pc\desktop\c++ workplace\hw\part_1_b_headers\war_v3\war project\war\debug\war.tlog\link.read.1.tlog
c:\users\y-pc\desktop\c++ workplace\hw\part_1_b_headers\war_v3\war project\war\debug\war.tlog\link.write.1.tlog
