Build started 08-Aug-15 18:51:57.
     1>Project "C:\Users\John\Desktop\C++ workPlace\Labs\Lab7\ConsoleApplication1\ConsoleApplication1.vcxproj" on node 2 (Build target(s)).
     1>ClCompile:
         C:\Program Files (x86)\Microsoft Visual Studio 12.0\VC\bin\CL.exe /c /ZI /nologo /W3 /WX- /sdl /Od /Oy- /D WIN32 /D _DEBUG /D _CONSOLE /D _LIB /D _UNICODE /D UNICODE /Gm /EHsc /RTC1 /MDd /GS /fp:precise /Zc:wchar_t /Zc:forScope /Fo"Debug\\" /Fd"Debug\vc120.pdb" /Gd /TP /analyze- /errorReport:prompt Cat.cpp SiamiCat.cpp SiamiStreetCat.cpp StreetCat.cpp program.cpp
         Cat.cpp
         Generating Code...
         Skipping... (no relevant changes detected)
         program.cpp
         StreetCat.cpp
         SiamiStreetCat.cpp
         SiamiCat.cpp
       Link:
         C:\Program Files (x86)\Microsoft Visual Studio 12.0\VC\bin\link.exe /ERRORREPORT:PROMPT /OUT:"C:\Users\John\Desktop\C++ workPlace\Labs\Lab7\ConsoleApplication1\Debug\ConsoleApplication1.exe" /INCREMENTAL /NOLOGO kernel32.lib user32.lib gdi32.lib winspool.lib comdlg32.lib advapi32.lib shell32.lib ole32.lib oleaut32.lib uuid.lib odbc32.lib odbccp32.lib /MANIFEST /MANIFESTUAC:"level='asInvoker' uiAccess='false'" /manifest:embed /DEBUG /PDB:"C:\Users\John\Desktop\C++ workPlace\Labs\Lab7\ConsoleApplication1\Debug\ConsoleApplication1.pdb" /SUBSYSTEM:CONSOLE /TLBID:1 /DYNAMICBASE /NXCOMPAT /IMPLIB:"C:\Users\John\Desktop\C++ workPlace\Labs\Lab7\ConsoleApplication1\Debug\ConsoleApplication1.lib" /MACHINE:X86 Debug\Cat.obj
         Debug\program.obj
         Debug\SiamiCat.obj
         Debug\SiamiStreetCat.obj
         Debug\StreetCat.obj
         ConsoleApplication1.vcxproj -> C:\Users\John\Desktop\C++ workPlace\Labs\Lab7\ConsoleApplication1\Debug\ConsoleApplication1.exe
     1>Done Building Project "C:\Users\John\Desktop\C++ workPlace\Labs\Lab7\ConsoleApplication1\ConsoleApplication1.vcxproj" (Build target(s)).

Build succeeded.

Time Elapsed 00:00:00.71
