C:\Documents and Settings\אדם\My Documents\Downloads\Airline\Airline\Debug\AirCrew.obj
C:\Documents and Settings\אדם\My Documents\Downloads\Airline\Airline\Debug\Airline.exe.embed.manifest
C:\DOCUMENTS AND SETTINGS\אדם\MY DOCUMENTS\DOWNLOADS\AIRLINE\AIRLINE\DEBUG\AIRLINE.EXE.EMBED.MANIFEST.RES
C:\Documents and Settings\אדם\My Documents\Downloads\Airline\Airline\Debug\Airline.exe.intermediate.manifest
C:\Documents and Settings\אדם\My Documents\Downloads\Airline\Airline\Debug\Airline.obj
C:\Documents and Settings\אדם\My Documents\Downloads\Airline\Airline\Debug\Airline.vcxprojResolveAssemblyReference.cache
C:\Documents and Settings\אדם\My Documents\Downloads\Airline\Airline\Debug\Airline.write.1.tlog
C:\Documents and Settings\אדם\My Documents\Downloads\Airline\Airline\Debug\Airline_manifest.rc
C:\Documents and Settings\אדם\My Documents\Downloads\Airline\Airline\Debug\Attendant.obj
C:\Documents and Settings\אדם\My Documents\Downloads\Airline\Airline\Debug\cl.command.1.tlog
C:\Documents and Settings\אדם\My Documents\Downloads\Airline\Airline\Debug\CL.read.1.tlog
C:\Documents and Settings\אדם\My Documents\Downloads\Airline\Airline\Debug\CL.write.1.tlog
C:\Documents and Settings\אדם\My Documents\Downloads\Airline\Airline\Debug\Customer.obj
C:\Documents and Settings\אדם\My Documents\Downloads\Airline\Airline\Debug\Date.obj
C:\Documents and Settings\אדם\My Documents\Downloads\Airline\Airline\Debug\Flight.obj
C:\Documents and Settings\אדם\My Documents\Downloads\Airline\Airline\Debug\link.1392.read.1.tlog
C:\Documents and Settings\אדם\My Documents\Downloads\Airline\Airline\Debug\link.1392.write.1.tlog
C:\Documents and Settings\אדם\My Documents\Downloads\Airline\Airline\Debug\link.1392-cvtres.read.1.tlog
C:\Documents and Settings\אדם\My Documents\Downloads\Airline\Airline\Debug\link.1392-cvtres.write.1.tlog
C:\Documents and Settings\אדם\My Documents\Downloads\Airline\Airline\Debug\link.command.1.tlog
C:\Documents and Settings\אדם\My Documents\Downloads\Airline\Airline\Debug\link.read.1.tlog
C:\Documents and Settings\אדם\My Documents\Downloads\Airline\Airline\Debug\link.write.1.tlog
C:\Documents and Settings\אדם\My Documents\Downloads\Airline\Airline\Debug\link-cvtres.read.1.tlog
C:\Documents and Settings\אדם\My Documents\Downloads\Airline\Airline\Debug\link-cvtres.write.1.tlog
C:\DOCUMENTS AND SETTINGS\אדם\MY DOCUMENTS\DOWNLOADS\AIRLINE\AIRLINE\DEBUG\MAIN.OBJ
C:\Documents and Settings\אדם\My Documents\Downloads\Airline\Airline\Debug\mt.command.1.tlog
C:\Documents and Settings\אדם\My Documents\Downloads\Airline\Airline\Debug\mt.read.1.tlog
C:\Documents and Settings\אדם\My Documents\Downloads\Airline\Airline\Debug\mt.write.1.tlog
C:\Documents and Settings\אדם\My Documents\Downloads\Airline\Airline\Debug\Order.obj
C:\Documents and Settings\אדם\My Documents\Downloads\Airline\Airline\Debug\Person.obj
C:\Documents and Settings\אדם\My Documents\Downloads\Airline\Airline\Debug\Pilot.obj
C:\Documents and Settings\אדם\My Documents\Downloads\Airline\Airline\Debug\Plane.obj
C:\Documents and Settings\אדם\My Documents\Downloads\Airline\Airline\Debug\rc.command.1.tlog
C:\Documents and Settings\אדם\My Documents\Downloads\Airline\Airline\Debug\rc.read.1.tlog
C:\Documents and Settings\אדם\My Documents\Downloads\Airline\Airline\Debug\rc.write.1.tlog
C:\Documents and Settings\אדם\My Documents\Downloads\Airline\Airline\Debug\Seat.obj
C:\Documents and Settings\אדם\My Documents\Downloads\Airline\Airline\Debug\SpecialEmployee.obj
C:\Documents and Settings\אדם\My Documents\Downloads\Airline\Airline\Debug\Ticket.obj
C:\Documents and Settings\אדם\My Documents\Downloads\Airline\Airline\Debug\vc100.idb
C:\DOCUMENTS AND SETTINGS\אדם\MY DOCUMENTS\DOWNLOADS\AIRLINE\AIRLINE\DEBUG\VC100.PDB
C:\Documents and Settings\אדם\My Documents\Downloads\Airline\Debug\Airline.pdb
D:\ADAM\AIRLINE\AIRLINE\DEBUG\AIRCREW.OBJ
D:\ADAM\AIRLINE\AIRLINE\DEBUG\AIRLINE.EXE.EMBED.MANIFEST
D:\ADAM\AIRLINE\AIRLINE\DEBUG\AIRLINE.EXE.EMBED.MANIFEST.RES
D:\ADAM\AIRLINE\AIRLINE\DEBUG\AIRLINE.EXE.INTERMEDIATE.MANIFEST
D:\ADAM\AIRLINE\AIRLINE\DEBUG\AIRLINE.OBJ
D:\ADAM\AIRLINE\AIRLINE\DEBUG\ATTENDANT.OBJ
D:\ADAM\AIRLINE\AIRLINE\DEBUG\CUSTOMER.OBJ
D:\ADAM\AIRLINE\AIRLINE\DEBUG\DATE.OBJ
D:\ADAM\AIRLINE\AIRLINE\DEBUG\FLIGHT.OBJ
D:\ADAM\AIRLINE\AIRLINE\DEBUG\MAIN.OBJ
D:\ADAM\AIRLINE\AIRLINE\DEBUG\ORDER.OBJ
D:\ADAM\AIRLINE\AIRLINE\DEBUG\PERSON.OBJ
D:\ADAM\AIRLINE\AIRLINE\DEBUG\PILOT.OBJ
D:\ADAM\AIRLINE\AIRLINE\DEBUG\PLANE.OBJ
D:\ADAM\AIRLINE\AIRLINE\DEBUG\SEAT.OBJ
D:\ADAM\AIRLINE\AIRLINE\DEBUG\SPECIALEMPLOYEE.OBJ
D:\ADAM\AIRLINE\AIRLINE\DEBUG\TICKET.OBJ
D:\ADAM\AIRLINE\AIRLINE\DEBUG\VC100.PDB
D:\ADAM\AIRLINE\DEBUG\AIRLINE.EXE
D:\ADAM\AIRLINE\DEBUG\AIRLINE.ILK
D:\ADAM\AIRLINE\DEBUG\AIRLINE.PDB
